::1 - - [02/Nov/2021:19:04:37 +0000] "GET /?page=3 HTTP/1.1" 200 - "-" "Mozilla/5.0 (X11; Linux x86_64) AppleWebKit/537.36 (KHTML, like Gecko) Chrome/95.0.4638.69 Safari/537.36"
::1 - - [02/Nov/2021:19:04:37 +0000] "GET /css/main.css HTTP/1.1" 304 - "-" "Mozilla/5.0 (X11; Linux x86_64) AppleWebKit/537.36 (KHTML, like Gecko) Chrome/95.0.4638.69 Safari/537.36"
::1 - - [02/Nov/2021:19:04:37 +0000] "GET /css/product.css HTTP/1.1" 304 - "-" "Mozilla/5.0 (X11; Linux x86_64) AppleWebKit/537.36 (KHTML, like Gecko) Chrome/95.0.4638.69 Safari/537.36"
::1 - - [02/Nov/2021:19:04:37 +0000] "GET /js/main.js HTTP/1.1" 304 - "-" "Mozilla/5.0 (X11; Linux x86_64) AppleWebKit/537.36 (KHTML, like Gecko) Chrome/95.0.4638.69 Safari/537.36"
::1 - - [02/Nov/2021:19:04:37 +0000] "GET /img/2021-10-16T19:30:11.519Z-download.png HTTP/1.1" 304 - "-" "Mozilla/5.0 (X11; Linux x86_64) AppleWebKit/537.36 (KHTML, like Gecko) Chrome/95.0.4638.69 Safari/537.36"
::1 - - [02/Nov/2021:19:04:53 +0000] "GET /?page=49 HTTP/1.1" 200 - "-" "Mozilla/5.0 (X11; Linux x86_64) AppleWebKit/537.36 (KHTML, like Gecko) Chrome/95.0.4638.69 Safari/537.36"
::1 - - [02/Nov/2021:19:04:53 +0000] "GET /css/main.css HTTP/1.1" 304 - "-" "Mozilla/5.0 (X11; Linux x86_64) AppleWebKit/537.36 (KHTML, like Gecko) Chrome/95.0.4638.69 Safari/537.36"
::1 - - [02/Nov/2021:19:04:53 +0000] "GET /css/product.css HTTP/1.1" 304 - "-" "Mozilla/5.0 (X11; Linux x86_64) AppleWebKit/537.36 (KHTML, like Gecko) Chrome/95.0.4638.69 Safari/537.36"
::1 - - [02/Nov/2021:19:04:53 +0000] "GET /js/main.js HTTP/1.1" 304 - "-" "Mozilla/5.0 (X11; Linux x86_64) AppleWebKit/537.36 (KHTML, like Gecko) Chrome/95.0.4638.69 Safari/537.36"
::1 - - [02/Nov/2021:19:04:53 +0000] "GET /img/2021-10-16T19:30:11.519Z-download.png HTTP/1.1" 304 - "-" "Mozilla/5.0 (X11; Linux x86_64) AppleWebKit/537.36 (KHTML, like Gecko) Chrome/95.0.4638.69 Safari/537.36"
::1 - - [02/Nov/2021:19:05:00 +0000] "GET /login HTTP/1.1" 200 - "-" "Mozilla/5.0 (X11; Linux x86_64) AppleWebKit/537.36 (KHTML, like Gecko) Chrome/95.0.4638.69 Safari/537.36"
::1 - - [02/Nov/2021:19:05:01 +0000] "GET /css/forms.css HTTP/1.1" 200 369 "-" "Mozilla/5.0 (X11; Linux x86_64) AppleWebKit/537.36 (KHTML, like Gecko) Chrome/95.0.4638.69 Safari/537.36"
::1 - - [02/Nov/2021:19:05:01 +0000] "GET /css/auth.css HTTP/1.1" 200 92 "-" "Mozilla/5.0 (X11; Linux x86_64) AppleWebKit/537.36 (KHTML, like Gecko) Chrome/95.0.4638.69 Safari/537.36"
::1 - - [02/Nov/2021:19:05:01 +0000] "GET /css/main.css HTTP/1.1" 304 - "-" "Mozilla/5.0 (X11; Linux x86_64) AppleWebKit/537.36 (KHTML, like Gecko) Chrome/95.0.4638.69 Safari/537.36"
::1 - - [02/Nov/2021:19:05:01 +0000] "GET /js/main.js HTTP/1.1" 304 - "-" "Mozilla/5.0 (X11; Linux x86_64) AppleWebKit/537.36 (KHTML, like Gecko) Chrome/95.0.4638.69 Safari/537.36"
::1 - - [02/Nov/2021:19:05:03 +0000] "POST /login HTTP/1.1" 302 46 "-" "Mozilla/5.0 (X11; Linux x86_64) AppleWebKit/537.36 (KHTML, like Gecko) Chrome/95.0.4638.69 Safari/537.36"
::1 - - [02/Nov/2021:19:05:03 +0000] "GET / HTTP/1.1" 200 - "-" "Mozilla/5.0 (X11; Linux x86_64) AppleWebKit/537.36 (KHTML, like Gecko) Chrome/95.0.4638.69 Safari/537.36"
::1 - - [02/Nov/2021:19:05:03 +0000] "GET /css/main.css HTTP/1.1" 304 - "-" "Mozilla/5.0 (X11; Linux x86_64) AppleWebKit/537.36 (KHTML, like Gecko) Chrome/95.0.4638.69 Safari/537.36"
::1 - - [02/Nov/2021:19:05:03 +0000] "GET /css/product.css HTTP/1.1" 304 - "-" "Mozilla/5.0 (X11; Linux x86_64) AppleWebKit/537.36 (KHTML, like Gecko) Chrome/95.0.4638.69 Safari/537.36"
::1 - - [02/Nov/2021:19:05:03 +0000] "GET /js/main.js HTTP/1.1" 304 - "-" "Mozilla/5.0 (X11; Linux x86_64) AppleWebKit/537.36 (KHTML, like Gecko) Chrome/95.0.4638.69 Safari/537.36"
::1 - - [02/Nov/2021:19:05:03 +0000] "GET /img/2021-10-16T19:30:11.519Z-download.png HTTP/1.1" 304 - "-" "Mozilla/5.0 (X11; Linux x86_64) AppleWebKit/537.36 (KHTML, like Gecko) Chrome/95.0.4638.69 Safari/537.36"
::1 - - [02/Nov/2021:19:22:56 +0000] "GET / HTTP/1.1" 200 - "-" "Mozilla/5.0 (X11; Linux x86_64) AppleWebKit/537.36 (KHTML, like Gecko) Chrome/95.0.4638.69 Safari/537.36"
::1 - - [02/Nov/2021:19:22:57 +0000] "GET /css/main.css HTTP/1.1" 200 - "-" "Mozilla/5.0 (X11; Linux x86_64) AppleWebKit/537.36 (KHTML, like Gecko) Chrome/95.0.4638.69 Safari/537.36"
::1 - - [02/Nov/2021:19:22:57 +0000] "GET /css/product.css HTTP/1.1" 200 379 "-" "Mozilla/5.0 (X11; Linux x86_64) AppleWebKit/537.36 (KHTML, like Gecko) Chrome/95.0.4638.69 Safari/537.36"
::1 - - [02/Nov/2021:19:22:57 +0000] "GET /js/main.js HTTP/1.1" 200 519 "-" "Mozilla/5.0 (X11; Linux x86_64) AppleWebKit/537.36 (KHTML, like Gecko) Chrome/95.0.4638.69 Safari/537.36"
::1 - - [02/Nov/2021:19:22:57 +0000] "GET /img/2021-10-16T19:30:11.519Z-download.png HTTP/1.1" 200 3924 "-" "Mozilla/5.0 (X11; Linux x86_64) AppleWebKit/537.36 (KHTML, like Gecko) Chrome/95.0.4638.69 Safari/537.36"
::1 - - [02/Nov/2021:19:22:58 +0000] "GET /favicon.ico HTTP/1.1" 404 - "-" "Mozilla/5.0 (X11; Linux x86_64) AppleWebKit/537.36 (KHTML, like Gecko) Chrome/95.0.4638.69 Safari/537.36"
::1 - - [02/Nov/2021:19:23:15 +0000] "GET /?page=2 HTTP/1.1" 200 - "-" "Mozilla/5.0 (X11; Linux x86_64) AppleWebKit/537.36 (KHTML, like Gecko) Chrome/95.0.4638.69 Safari/537.36"
::1 - - [02/Nov/2021:19:23:16 +0000] "GET /css/main.css HTTP/1.1" 200 - "-" "Mozilla/5.0 (X11; Linux x86_64) AppleWebKit/537.36 (KHTML, like Gecko) Chrome/95.0.4638.69 Safari/537.36"
::1 - - [02/Nov/2021:19:23:16 +0000] "GET /css/product.css HTTP/1.1" 200 379 "-" "Mozilla/5.0 (X11; Linux x86_64) AppleWebKit/537.36 (KHTML, like Gecko) Chrome/95.0.4638.69 Safari/537.36"
::1 - - [02/Nov/2021:19:23:16 +0000] "GET /js/main.js HTTP/1.1" 304 - "-" "Mozilla/5.0 (X11; Linux x86_64) AppleWebKit/537.36 (KHTML, like Gecko) Chrome/95.0.4638.69 Safari/537.36"
::1 - - [02/Nov/2021:19:23:16 +0000] "GET /img/2021-10-16T19:30:11.519Z-download.png HTTP/1.1" 304 - "-" "Mozilla/5.0 (X11; Linux x86_64) AppleWebKit/537.36 (KHTML, like Gecko) Chrome/95.0.4638.69 Safari/537.36"
::1 - - [02/Nov/2021:19:23:17 +0000] "GET /?page=3 HTTP/1.1" 200 - "-" "Mozilla/5.0 (X11; Linux x86_64) AppleWebKit/537.36 (KHTML, like Gecko) Chrome/95.0.4638.69 Safari/537.36"
::1 - - [02/Nov/2021:19:23:17 +0000] "GET /css/main.css HTTP/1.1" 304 - "-" "Mozilla/5.0 (X11; Linux x86_64) AppleWebKit/537.36 (KHTML, like Gecko) Chrome/95.0.4638.69 Safari/537.36"
::1 - - [02/Nov/2021:19:23:17 +0000] "GET /css/product.css HTTP/1.1" 304 - "-" "Mozilla/5.0 (X11; Linux x86_64) AppleWebKit/537.36 (KHTML, like Gecko) Chrome/95.0.4638.69 Safari/537.36"
::1 - - [02/Nov/2021:19:23:17 +0000] "GET /js/main.js HTTP/1.1" 304 - "-" "Mozilla/5.0 (X11; Linux x86_64) AppleWebKit/537.36 (KHTML, like Gecko) Chrome/95.0.4638.69 Safari/537.36"
::1 - - [02/Nov/2021:19:23:17 +0000] "GET /img/2021-10-16T19:30:11.519Z-download.png HTTP/1.1" 304 - "-" "Mozilla/5.0 (X11; Linux x86_64) AppleWebKit/537.36 (KHTML, like Gecko) Chrome/95.0.4638.69 Safari/537.36"
::1 - - [02/Nov/2021:19:24:09 +0000] "GET / HTTP/1.1" 200 - "-" "Mozilla/5.0 (X11; Linux x86_64) AppleWebKit/537.36 (KHTML, like Gecko) Chrome/95.0.4638.69 Safari/537.36"
::1 - - [02/Nov/2021:19:24:09 +0000] "GET /css/main.css HTTP/1.1" 304 - "-" "Mozilla/5.0 (X11; Linux x86_64) AppleWebKit/537.36 (KHTML, like Gecko) Chrome/95.0.4638.69 Safari/537.36"
::1 - - [02/Nov/2021:19:24:09 +0000] "GET /css/product.css HTTP/1.1" 304 - "-" "Mozilla/5.0 (X11; Linux x86_64) AppleWebKit/537.36 (KHTML, like Gecko) Chrome/95.0.4638.69 Safari/537.36"
::1 - - [02/Nov/2021:19:24:09 +0000] "GET /js/main.js HTTP/1.1" 304 - "-" "Mozilla/5.0 (X11; Linux x86_64) AppleWebKit/537.36 (KHTML, like Gecko) Chrome/95.0.4638.69 Safari/537.36"
::1 - - [02/Nov/2021:19:24:09 +0000] "GET /img/2021-10-16T19:30:11.519Z-download.png HTTP/1.1" 304 - "-" "Mozilla/5.0 (X11; Linux x86_64) AppleWebKit/537.36 (KHTML, like Gecko) Chrome/95.0.4638.69 Safari/537.36"
